<?xml version="1.0" encoding="UTF-8"?>
<testsuite xmlns:xsi="http://www.w3.org/2001/XMLSchema-instance" xsi:noNamespaceSchemaLocation="https://maven.apache.org/surefire/maven-surefire-plugin/xsd/surefire-test-report-3.0.xsd" version="3.0" name="com.datencontrol.library.LibraryApplicationTests" time="7.374" tests="1" errors="0" skipped="0" failures="0">
  <properties>
[...]
</properties>
  <testcase name="contextLoads" classname="com.datencontrol.library.LibraryApplicationTests" time="1.986">
    <system-out><![CDATA[15:39:01.074 [main] INFO org.springframework.test.context.support.AnnotationConfigContextLoaderUtils -- Could not detect default configuration classes for test class [com.datencontrol.library.LibraryApplicationTests]: LibraryApplicationTests does not declare any static, non-private, non-final, nested classes annotated with @Configuration.
15:39:01.315 [main] INFO org.springframework.boot.test.context.SpringBootTestContextBootstrapper -- Found @SpringBootConfiguration com.datencontrol.library.LibraryApplication for test class com.datencontrol.library.LibraryApplicationTests
  .   ____          _            __ _ _
 /\\ / ___'_ __ _ _(_)_ __  __ _ \ \ \ \
( ( )\___ | '_ | '_| | '_ \/ _` | \ \ \ \
 \\/  ___)| |_)| | | | | || (_| |  ) ) ) )
  '  |____| .__|_| |_|_| |_\__, | / / / /
 =========|_|==============|___/=/_/_/_/

 :: Spring Boot ::                (v3.3.0)

2024-06-19T15:39:02.140+02:00  INFO 85757 --- [library] [           main] c.d.library.LibraryApplicationTests      : Starting LibraryApplicationTests using Java 21.0.2 with PID 85757 (started by lewiskoua in /Users/lewiskoua/Desktop/Projekte/rest-api/MyLibrary)
2024-06-19T15:39:02.142+02:00  INFO 85757 --- [library] [           main] c.d.library.LibraryApplicationTests      : No active profile set, falling back to 1 default profile: "default"
2024-06-19T15:39:05.901+02:00  INFO 85757 --- [library] [           main] c.d.library.LibraryApplicationTests      : Started LibraryApplicationTests in 4.341 seconds (process running for 6.571)
]]></system-out>
    <system-err><![CDATA[WARNING: A Java agent has been loaded dynamically (/Users/lewiskoua/.m2/repository/net/bytebuddy/byte-buddy-agent/1.14.16/byte-buddy-agent-1.14.16.jar)
WARNING: If a serviceability tool is in use, please run with -XX:+EnableDynamicAgentLoading to hide this warning
WARNING: If a serviceability tool is not in use, please run with -Djdk.instrument.traceUsage for more information
WARNING: Dynamic loading of agents will be disallowed by default in a future release
]]></system-err>
  </testcase>
</testsuite>